2021/04/21 02:15:18 main.go:16: test
2021/04/24 02:10:51 users.go:27: near ")": syntax error
2021/04/24 02:12:58 users.go:27: near ")": syntax error
2021/04/24 02:20:01 users.go:27: near ")": syntax error
2021/04/24 02:24:19 users.go:33: near ")": syntax error
2021/04/24 17:54:49 todo.go:45: no such column: userid
2021/04/25 17:10:52 server.go:3139: http: panic serving [::1]:49616: template: layout.html:12: unexpected "navbar" in template clause
goroutine 20 [running]:
net/http.(*conn).serve.func1(0xc0000b1360)
	/usr/local/go/src/net/http/server.go:1824 +0x153
panic(0x44bb520, 0xc000012080)
	/usr/local/go/src/runtime/panic.go:971 +0x499
html/template.Must(...)
	/usr/local/go/src/html/template/template.go:374
Golang6/src/Todo_App/app/contollers.generateHTML(0x459fad0, 0xc0001ae000, 0x44aaa00, 0x4592b30, 0xc000189ab8, 0x2, 0x2)
	/Users/naoyateraoka/OneDrive - tdi/Golang6/src/Todo_App/app/contollers/server.go:15 +0x2ce
Golang6/src/Todo_App/app/contollers.top(0x459fad0, 0xc0001ae000, 0xc000196000)
	/Users/naoyateraoka/OneDrive - tdi/Golang6/src/Todo_App/app/contollers/route_main.go:8 +0xa5
net/http.HandlerFunc.ServeHTTP(0x4542638, 0x459fad0, 0xc0001ae000, 0xc000196000)
	/usr/local/go/src/net/http/server.go:2069 +0x44
net/http.(*ServeMux).ServeHTTP(0x47b9f20, 0x459fad0, 0xc0001ae000, 0xc000196000)
	/usr/local/go/src/net/http/server.go:2448 +0x1ad
net/http.serverHandler.ServeHTTP(0xc000110000, 0x459fad0, 0xc0001ae000, 0xc000196000)
	/usr/local/go/src/net/http/server.go:2887 +0xa3
net/http.(*conn).serve(0xc0000b1360, 0x45a0280, 0xc000190000)
	/usr/local/go/src/net/http/server.go:1952 +0x8cd
created by net/http.(*Server).Serve
	/usr/local/go/src/net/http/server.go:3013 +0x39b
2021/04/25 17:10:52 server.go:3139: http: panic serving [::1]:49617: template: layout.html:12: unexpected "navbar" in template clause
goroutine 21 [running]:
net/http.(*conn).serve.func1(0xc0000b1400)
	/usr/local/go/src/net/http/server.go:1824 +0x153
panic(0x44bb520, 0xc000192140)
	/usr/local/go/src/runtime/panic.go:971 +0x499
html/template.Must(...)
	/usr/local/go/src/html/template/template.go:374
Golang6/src/Todo_App/app/contollers.generateHTML(0x459fad0, 0xc0001ae0e0, 0x44aaa00, 0x4592b30, 0xc0000b9ab8, 0x2, 0x2)
	/Users/naoyateraoka/OneDrive - tdi/Golang6/src/Todo_App/app/contollers/server.go:15 +0x2ce
Golang6/src/Todo_App/app/contollers.top(0x459fad0, 0xc0001ae0e0, 0xc000102100)
	/Users/naoyateraoka/OneDrive - tdi/Golang6/src/Todo_App/app/contollers/route_main.go:8 +0xa5
net/http.HandlerFunc.ServeHTTP(0x4542638, 0x459fad0, 0xc0001ae0e0, 0xc000102100)
	/usr/local/go/src/net/http/server.go:2069 +0x44
net/http.(*ServeMux).ServeHTTP(0x47b9f20, 0x459fad0, 0xc0001ae0e0, 0xc000102100)
	/usr/local/go/src/net/http/server.go:2448 +0x1ad
net/http.serverHandler.ServeHTTP(0xc000110000, 0x459fad0, 0xc0001ae0e0, 0xc000102100)
	/usr/local/go/src/net/http/server.go:2887 +0xa3
net/http.(*conn).serve(0xc0000b1400, 0x45a0280, 0xc0000d84c0)
	/usr/local/go/src/net/http/server.go:1952 +0x8cd
created by net/http.(*Server).Serve
	/usr/local/go/src/net/http/server.go:3013 +0x39b
2021/04/25 17:10:53 server.go:3139: http: panic serving [::1]:49618: template: layout.html:12: unexpected "navbar" in template clause
goroutine 38 [running]:
net/http.(*conn).serve.func1(0xc0001fc000)
	/usr/local/go/src/net/http/server.go:1824 +0x153
panic(0x44bb520, 0xc000099090)
	/usr/local/go/src/runtime/panic.go:971 +0x499
html/template.Must(...)
	/usr/local/go/src/html/template/template.go:374
Golang6/src/Todo_App/app/contollers.generateHTML(0x459fad0, 0xc0001ae1c0, 0x44aaa00, 0x4592b30, 0xc000189ab8, 0x2, 0x2)
	/Users/naoyateraoka/OneDrive - tdi/Golang6/src/Todo_App/app/contollers/server.go:15 +0x2ce
Golang6/src/Todo_App/app/contollers.top(0x459fad0, 0xc0001ae1c0, 0xc000196100)
	/Users/naoyateraoka/OneDrive - tdi/Golang6/src/Todo_App/app/contollers/route_main.go:8 +0xa5
net/http.HandlerFunc.ServeHTTP(0x4542638, 0x459fad0, 0xc0001ae1c0, 0xc000196100)
	/usr/local/go/src/net/http/server.go:2069 +0x44
net/http.(*ServeMux).ServeHTTP(0x47b9f20, 0x459fad0, 0xc0001ae1c0, 0xc000196100)
	/usr/local/go/src/net/http/server.go:2448 +0x1ad
net/http.serverHandler.ServeHTTP(0xc000110000, 0x459fad0, 0xc0001ae1c0, 0xc000196100)
	/usr/local/go/src/net/http/server.go:2887 +0xa3
net/http.(*conn).serve(0xc0001fc000, 0x45a0280, 0xc000190300)
	/usr/local/go/src/net/http/server.go:1952 +0x8cd
created by net/http.(*Server).Serve
	/usr/local/go/src/net/http/server.go:3013 +0x39b
2021/04/25 17:11:08 server.go:3139: http: panic serving [::1]:49619: template: layout.html:12: unexpected "navbar" in template clause
goroutine 22 [running]:
net/http.(*conn).serve.func1(0xc0000b14a0)
	/usr/local/go/src/net/http/server.go:1824 +0x153
panic(0x44bb520, 0xc000099180)
	/usr/local/go/src/runtime/panic.go:971 +0x499
html/template.Must(...)
	/usr/local/go/src/html/template/template.go:374
Golang6/src/Todo_App/app/contollers.generateHTML(0x459fad0, 0xc0001101c0, 0x44aaa00, 0x4592b30, 0xc000189ab8, 0x2, 0x2)
	/Users/naoyateraoka/OneDrive - tdi/Golang6/src/Todo_App/app/contollers/server.go:15 +0x2ce
Golang6/src/Todo_App/app/contollers.top(0x459fad0, 0xc0001101c0, 0xc000196200)
	/Users/naoyateraoka/OneDrive - tdi/Golang6/src/Todo_App/app/contollers/route_main.go:8 +0xa5
net/http.HandlerFunc.ServeHTTP(0x4542638, 0x459fad0, 0xc0001101c0, 0xc000196200)
	/usr/local/go/src/net/http/server.go:2069 +0x44
net/http.(*ServeMux).ServeHTTP(0x47b9f20, 0x459fad0, 0xc0001101c0, 0xc000196200)
	/usr/local/go/src/net/http/server.go:2448 +0x1ad
net/http.serverHandler.ServeHTTP(0xc000110000, 0x459fad0, 0xc0001101c0, 0xc000196200)
	/usr/local/go/src/net/http/server.go:2887 +0xa3
net/http.(*conn).serve(0xc0000b14a0, 0x45a0280, 0xc000190480)
	/usr/local/go/src/net/http/server.go:1952 +0x8cd
created by net/http.(*Server).Serve
	/usr/local/go/src/net/http/server.go:3013 +0x39b
2021/04/25 17:11:08 server.go:3139: http: panic serving [::1]:49620: template: layout.html:12: unexpected "navbar" in template clause
goroutine 23 [running]:
net/http.(*conn).serve.func1(0xc0000b1540)
	/usr/local/go/src/net/http/server.go:1824 +0x153
panic(0x44bb520, 0xc0001922a0)
	/usr/local/go/src/runtime/panic.go:971 +0x499
html/template.Must(...)
	/usr/local/go/src/html/template/template.go:374
Golang6/src/Todo_App/app/contollers.generateHTML(0x459fad0, 0xc0001ae380, 0x44aaa00, 0x4592b30, 0xc00004cab8, 0x2, 0x2)
	/Users/naoyateraoka/OneDrive - tdi/Golang6/src/Todo_App/app/contollers/server.go:15 +0x2ce
Golang6/src/Todo_App/app/contollers.top(0x459fad0, 0xc0001ae380, 0xc000102200)
	/Users/naoyateraoka/OneDrive - tdi/Golang6/src/Todo_App/app/contollers/route_main.go:8 +0xa5
net/http.HandlerFunc.ServeHTTP(0x4542638, 0x459fad0, 0xc0001ae380, 0xc000102200)
	/usr/local/go/src/net/http/server.go:2069 +0x44
net/http.(*ServeMux).ServeHTTP(0x47b9f20, 0x459fad0, 0xc0001ae380, 0xc000102200)
	/usr/local/go/src/net/http/server.go:2448 +0x1ad
net/http.serverHandler.ServeHTTP(0xc000110000, 0x459fad0, 0xc0001ae380, 0xc000102200)
	/usr/local/go/src/net/http/server.go:2887 +0xa3
net/http.(*conn).serve(0xc0000b1540, 0x45a0280, 0xc0000d8580)
	/usr/local/go/src/net/http/server.go:1952 +0x8cd
created by net/http.(*Server).Serve
	/usr/local/go/src/net/http/server.go:3013 +0x39b
2021/04/25 17:11:08 server.go:3139: http: panic serving [::1]:49628: template: layout.html:12: unexpected "navbar" in template clause
goroutine 43 [running]:
net/http.(*conn).serve.func1(0xc0001fc0a0)
	/usr/local/go/src/net/http/server.go:1824 +0x153
panic(0x44bb520, 0xc000192390)
	/usr/local/go/src/runtime/panic.go:971 +0x499
html/template.Must(...)
	/usr/local/go/src/html/template/template.go:374
Golang6/src/Todo_App/app/contollers.generateHTML(0x459fad0, 0xc0001ae540, 0x44aaa00, 0x4592b30, 0xc00004cab8, 0x2, 0x2)
	/Users/naoyateraoka/OneDrive - tdi/Golang6/src/Todo_App/app/contollers/server.go:15 +0x2ce
Golang6/src/Todo_App/app/contollers.top(0x459fad0, 0xc0001ae540, 0xc000196400)
	/Users/naoyateraoka/OneDrive - tdi/Golang6/src/Todo_App/app/contollers/route_main.go:8 +0xa5
net/http.HandlerFunc.ServeHTTP(0x4542638, 0x459fad0, 0xc0001ae540, 0xc000196400)
	/usr/local/go/src/net/http/server.go:2069 +0x44
net/http.(*ServeMux).ServeHTTP(0x47b9f20, 0x459fad0, 0xc0001ae540, 0xc000196400)
	/usr/local/go/src/net/http/server.go:2448 +0x1ad
net/http.serverHandler.ServeHTTP(0xc000110000, 0x459fad0, 0xc0001ae540, 0xc000196400)
	/usr/local/go/src/net/http/server.go:2887 +0xa3
net/http.(*conn).serve(0xc0001fc0a0, 0x45a0280, 0xc000190600)
	/usr/local/go/src/net/http/server.go:1952 +0x8cd
created by net/http.(*Server).Serve
	/usr/local/go/src/net/http/server.go:3013 +0x39b
2021/04/25 17:11:09 server.go:3139: http: panic serving [::1]:49629: template: layout.html:12: unexpected "navbar" in template clause
goroutine 26 [running]:
net/http.(*conn).serve.func1(0xc0000b15e0)
	/usr/local/go/src/net/http/server.go:1824 +0x153
panic(0x44bb520, 0xc000099270)
	/usr/local/go/src/runtime/panic.go:971 +0x499
html/template.Must(...)
	/usr/local/go/src/html/template/template.go:374
Golang6/src/Todo_App/app/contollers.generateHTML(0x459fad0, 0xc0001102a0, 0x44aaa00, 0x4592b30, 0xc00004cab8, 0x2, 0x2)
	/Users/naoyateraoka/OneDrive - tdi/Golang6/src/Todo_App/app/contollers/server.go:15 +0x2ce
Golang6/src/Todo_App/app/contollers.top(0x459fad0, 0xc0001102a0, 0xc000196500)
	/Users/naoyateraoka/OneDrive - tdi/Golang6/src/Todo_App/app/contollers/route_main.go:8 +0xa5
net/http.HandlerFunc.ServeHTTP(0x4542638, 0x459fad0, 0xc0001102a0, 0xc000196500)
	/usr/local/go/src/net/http/server.go:2069 +0x44
net/http.(*ServeMux).ServeHTTP(0x47b9f20, 0x459fad0, 0xc0001102a0, 0xc000196500)
	/usr/local/go/src/net/http/server.go:2448 +0x1ad
net/http.serverHandler.ServeHTTP(0xc000110000, 0x459fad0, 0xc0001102a0, 0xc000196500)
	/usr/local/go/src/net/http/server.go:2887 +0xa3
net/http.(*conn).serve(0xc0000b15e0, 0x45a0280, 0xc000190780)
	/usr/local/go/src/net/http/server.go:1952 +0x8cd
created by net/http.(*Server).Serve
	/usr/local/go/src/net/http/server.go:3013 +0x39b
2021/04/25 17:11:09 server.go:3139: http: panic serving [::1]:49630: template: layout.html:12: unexpected "navbar" in template clause
goroutine 27 [running]:
net/http.(*conn).serve.func1(0xc0000b1680)
	/usr/local/go/src/net/http/server.go:1824 +0x153
panic(0x44bb520, 0xc000192480)
	/usr/local/go/src/runtime/panic.go:971 +0x499
html/template.Must(...)
	/usr/local/go/src/html/template/template.go:374
Golang6/src/Todo_App/app/contollers.generateHTML(0x459fad0, 0xc0001ae620, 0x44aaa00, 0x4592b30, 0xc000189ab8, 0x2, 0x2)
	/Users/naoyateraoka/OneDrive - tdi/Golang6/src/Todo_App/app/contollers/server.go:15 +0x2ce
Golang6/src/Todo_App/app/contollers.top(0x459fad0, 0xc0001ae620, 0xc000102300)
	/Users/naoyateraoka/OneDrive - tdi/Golang6/src/Todo_App/app/contollers/route_main.go:8 +0xa5
net/http.HandlerFunc.ServeHTTP(0x4542638, 0x459fad0, 0xc0001ae620, 0xc000102300)
	/usr/local/go/src/net/http/server.go:2069 +0x44
net/http.(*ServeMux).ServeHTTP(0x47b9f20, 0x459fad0, 0xc0001ae620, 0xc000102300)
	/usr/local/go/src/net/http/server.go:2448 +0x1ad
net/http.serverHandler.ServeHTTP(0xc000110000, 0x459fad0, 0xc0001ae620, 0xc000102300)
	/usr/local/go/src/net/http/server.go:2887 +0xa3
net/http.(*conn).serve(0xc0000b1680, 0x45a0280, 0xc0000d8700)
	/usr/local/go/src/net/http/server.go:1952 +0x8cd
created by net/http.(*Server).Serve
	/usr/local/go/src/net/http/server.go:3013 +0x39b
2021/04/25 17:11:09 server.go:3139: http: panic serving [::1]:49631: template: layout.html:12: unexpected "navbar" in template clause
goroutine 30 [running]:
net/http.(*conn).serve.func1(0xc0000b1720)
	/usr/local/go/src/net/http/server.go:1824 +0x153
panic(0x44bb520, 0xc000192560)
	/usr/local/go/src/runtime/panic.go:971 +0x499
html/template.Must(...)
	/usr/local/go/src/html/template/template.go:374
Golang6/src/Todo_App/app/contollers.generateHTML(0x459fad0, 0xc0001ae700, 0x44aaa00, 0x4592b30, 0xc00004cab8, 0x2, 0x2)
	/Users/naoyateraoka/OneDrive - tdi/Golang6/src/Todo_App/app/contollers/server.go:15 +0x2ce
Golang6/src/Todo_App/app/contollers.top(0x459fad0, 0xc0001ae700, 0xc000102400)
	/Users/naoyateraoka/OneDrive - tdi/Golang6/src/Todo_App/app/contollers/route_main.go:8 +0xa5
net/http.HandlerFunc.ServeHTTP(0x4542638, 0x459fad0, 0xc0001ae700, 0xc000102400)
	/usr/local/go/src/net/http/server.go:2069 +0x44
net/http.(*ServeMux).ServeHTTP(0x47b9f20, 0x459fad0, 0xc0001ae700, 0xc000102400)
	/usr/local/go/src/net/http/server.go:2448 +0x1ad
net/http.serverHandler.ServeHTTP(0xc000110000, 0x459fad0, 0xc0001ae700, 0xc000102400)
	/usr/local/go/src/net/http/server.go:2887 +0xa3
net/http.(*conn).serve(0xc0000b1720, 0x45a0280, 0xc0000d8880)
	/usr/local/go/src/net/http/server.go:1952 +0x8cd
created by net/http.(*Server).Serve
	/usr/local/go/src/net/http/server.go:3013 +0x39b
2021/04/25 17:11:09 server.go:3139: http: panic serving [::1]:49632: template: layout.html:12: unexpected "navbar" in template clause
goroutine 50 [running]:
net/http.(*conn).serve.func1(0xc0001fc140)
	/usr/local/go/src/net/http/server.go:1824 +0x153
panic(0x44bb520, 0xc000099370)
	/usr/local/go/src/runtime/panic.go:971 +0x499
html/template.Must(...)
	/usr/local/go/src/html/template/template.go:374
Golang6/src/Todo_App/app/contollers.generateHTML(0x459fad0, 0xc000110380, 0x44aaa00, 0x4592b30, 0xc00004dab8, 0x2, 0x2)
	/Users/naoyateraoka/OneDrive - tdi/Golang6/src/Todo_App/app/contollers/server.go:15 +0x2ce
Golang6/src/Todo_App/app/contollers.top(0x459fad0, 0xc000110380, 0xc000102500)
	/Users/naoyateraoka/OneDrive - tdi/Golang6/src/Todo_App/app/contollers/route_main.go:8 +0xa5
net/http.HandlerFunc.ServeHTTP(0x4542638, 0x459fad0, 0xc000110380, 0xc000102500)
	/usr/local/go/src/net/http/server.go:2069 +0x44
net/http.(*ServeMux).ServeHTTP(0x47b9f20, 0x459fad0, 0xc000110380, 0xc000102500)
	/usr/local/go/src/net/http/server.go:2448 +0x1ad
net/http.serverHandler.ServeHTTP(0xc000110000, 0x459fad0, 0xc000110380, 0xc000102500)
	/usr/local/go/src/net/http/server.go:2887 +0xa3
net/http.(*conn).serve(0xc0001fc140, 0x45a0280, 0xc0000d8900)
	/usr/local/go/src/net/http/server.go:1952 +0x8cd
created by net/http.(*Server).Serve
	/usr/local/go/src/net/http/server.go:3013 +0x39b
2021/04/25 17:11:09 server.go:3139: http: panic serving [::1]:49633: template: layout.html:12: unexpected "navbar" in template clause
goroutine 51 [running]:
net/http.(*conn).serve.func1(0xc0001fc1e0)
	/usr/local/go/src/net/http/server.go:1824 +0x153
panic(0x44bb520, 0xc000099450)
	/usr/local/go/src/runtime/panic.go:971 +0x499
html/template.Must(...)
	/usr/local/go/src/html/template/template.go:374
Golang6/src/Todo_App/app/contollers.generateHTML(0x459fad0, 0xc000110460, 0x44aaa00, 0x4592b30, 0xc00004cab8, 0x2, 0x2)
	/Users/naoyateraoka/OneDrive - tdi/Golang6/src/Todo_App/app/contollers/server.go:15 +0x2ce
Golang6/src/Todo_App/app/contollers.top(0x459fad0, 0xc000110460, 0xc000196600)
	/Users/naoyateraoka/OneDrive - tdi/Golang6/src/Todo_App/app/contollers/route_main.go:8 +0xa5
net/http.HandlerFunc.ServeHTTP(0x4542638, 0x459fad0, 0xc000110460, 0xc000196600)
	/usr/local/go/src/net/http/server.go:2069 +0x44
net/http.(*ServeMux).ServeHTTP(0x47b9f20, 0x459fad0, 0xc000110460, 0xc000196600)
	/usr/local/go/src/net/http/server.go:2448 +0x1ad
net/http.serverHandler.ServeHTTP(0xc000110000, 0x459fad0, 0xc000110460, 0xc000196600)
	/usr/local/go/src/net/http/server.go:2887 +0xa3
net/http.(*conn).serve(0xc0001fc1e0, 0x45a0280, 0xc000190a00)
	/usr/local/go/src/net/http/server.go:1952 +0x8cd
created by net/http.(*Server).Serve
	/usr/local/go/src/net/http/server.go:3013 +0x39b
2021/04/25 17:11:09 server.go:3139: http: panic serving [::1]:49634: template: layout.html:12: unexpected "navbar" in template clause
goroutine 52 [running]:
net/http.(*conn).serve.func1(0xc0001fc280)
	/usr/local/go/src/net/http/server.go:1824 +0x153
panic(0x44bb520, 0xc000192660)
	/usr/local/go/src/runtime/panic.go:971 +0x499
html/template.Must(...)
	/usr/local/go/src/html/template/template.go:374
Golang6/src/Todo_App/app/contollers.generateHTML(0x459fad0, 0xc0001ae7e0, 0x44aaa00, 0x4592b30, 0xc000189ab8, 0x2, 0x2)
	/Users/naoyateraoka/OneDrive - tdi/Golang6/src/Todo_App/app/contollers/server.go:15 +0x2ce
Golang6/src/Todo_App/app/contollers.top(0x459fad0, 0xc0001ae7e0, 0xc000196700)
	/Users/naoyateraoka/OneDrive - tdi/Golang6/src/Todo_App/app/contollers/route_main.go:8 +0xa5
net/http.HandlerFunc.ServeHTTP(0x4542638, 0x459fad0, 0xc0001ae7e0, 0xc000196700)
	/usr/local/go/src/net/http/server.go:2069 +0x44
net/http.(*ServeMux).ServeHTTP(0x47b9f20, 0x459fad0, 0xc0001ae7e0, 0xc000196700)
	/usr/local/go/src/net/http/server.go:2448 +0x1ad
net/http.serverHandler.ServeHTTP(0xc000110000, 0x459fad0, 0xc0001ae7e0, 0xc000196700)
	/usr/local/go/src/net/http/server.go:2887 +0xa3
net/http.(*conn).serve(0xc0001fc280, 0x45a0280, 0xc000190a80)
	/usr/local/go/src/net/http/server.go:1952 +0x8cd
created by net/http.(*Server).Serve
	/usr/local/go/src/net/http/server.go:3013 +0x39b
2021/04/25 17:11:14 server.go:3139: http: panic serving [::1]:49635: template: layout.html:12: unexpected "navbar" in template clause
goroutine 5 [running]:
net/http.(*conn).serve.func1(0xc00007e000)
	/usr/local/go/src/net/http/server.go:1824 +0x153
panic(0x44bb520, 0xc000012170)
	/usr/local/go/src/runtime/panic.go:971 +0x499
html/template.Must(...)
	/usr/local/go/src/html/template/template.go:374
Golang6/src/Todo_App/app/contollers.generateHTML(0x459fad0, 0xc0002a4000, 0x44aaa00, 0x4592b30, 0xc000052ab8, 0x2, 0x2)
	/Users/naoyateraoka/OneDrive - tdi/Golang6/src/Todo_App/app/contollers/server.go:15 +0x2ce
Golang6/src/Todo_App/app/contollers.top(0x459fad0, 0xc0002a4000, 0xc000292100)
	/Users/naoyateraoka/OneDrive - tdi/Golang6/src/Todo_App/app/contollers/route_main.go:8 +0xa5
net/http.HandlerFunc.ServeHTTP(0x4542638, 0x459fad0, 0xc0002a4000, 0xc000292100)
	/usr/local/go/src/net/http/server.go:2069 +0x44
net/http.(*ServeMux).ServeHTTP(0x47b9f20, 0x459fad0, 0xc0002a4000, 0xc000292100)
	/usr/local/go/src/net/http/server.go:2448 +0x1ad
net/http.serverHandler.ServeHTTP(0xc000110000, 0x459fad0, 0xc0002a4000, 0xc000292100)
	/usr/local/go/src/net/http/server.go:2887 +0xa3
net/http.(*conn).serve(0xc00007e000, 0x45a0280, 0xc000024140)
	/usr/local/go/src/net/http/server.go:1952 +0x8cd
created by net/http.(*Server).Serve
	/usr/local/go/src/net/http/server.go:3013 +0x39b
2021/04/25 18:52:32 server.go:3139: http: panic serving [::1]:49858: template: public_navbar.html:6: unexpected EOF
goroutine 20 [running]:
net/http.(*conn).serve.func1(0xc0000c9360)
	/usr/local/go/src/net/http/server.go:1824 +0x153
panic(0x44c0220, 0xc000099110)
	/usr/local/go/src/runtime/panic.go:971 +0x499
html/template.Must(...)
	/usr/local/go/src/html/template/template.go:374
Golang6/src/Todo_App/app/contollers.generateHTML(0x45a5310, 0xc0001900e0, 0x44af4c0, 0x4598290, 0xc00009baa8, 0x3, 0x3)
	/Users/naoyateraoka/OneDrive - tdi/Golang6/src/Todo_App/app/contollers/server.go:16 +0x2ce
Golang6/src/Todo_App/app/contollers.top(0x45a5310, 0xc0001900e0, 0xc000122000)
	/Users/naoyateraoka/OneDrive - tdi/Golang6/src/Todo_App/app/contollers/route_main.go:8 +0xc5
net/http.HandlerFunc.ServeHTTP(0x45479d8, 0x45a5310, 0xc0001900e0, 0xc000122000)
	/usr/local/go/src/net/http/server.go:2069 +0x44
net/http.(*ServeMux).ServeHTTP(0x47c1f80, 0x45a5310, 0xc0001900e0, 0xc000122000)
	/usr/local/go/src/net/http/server.go:2448 +0x1ad
net/http.serverHandler.ServeHTTP(0xc000190000, 0x45a5310, 0xc0001900e0, 0xc000122000)
	/usr/local/go/src/net/http/server.go:2887 +0xa3
net/http.(*conn).serve(0xc0000c9360, 0x45a5b40, 0xc000110000)
	/usr/local/go/src/net/http/server.go:1952 +0x8cd
created by net/http.(*Server).Serve
	/usr/local/go/src/net/http/server.go:3013 +0x39b
2021/04/25 18:52:32 server.go:3139: http: panic serving [::1]:49859: template: public_navbar.html:6: unexpected EOF
goroutine 21 [running]:
net/http.(*conn).serve.func1(0xc0000c9400)
	/usr/local/go/src/net/http/server.go:1824 +0x153
panic(0x44c0220, 0xc000099220)
	/usr/local/go/src/runtime/panic.go:971 +0x499
html/template.Must(...)
	/usr/local/go/src/html/template/template.go:374
Golang6/src/Todo_App/app/contollers.generateHTML(0x45a5310, 0xc0001901c0, 0x44af4c0, 0x4598290, 0xc00004caa8, 0x3, 0x3)
	/Users/naoyateraoka/OneDrive - tdi/Golang6/src/Todo_App/app/contollers/server.go:16 +0x2ce
Golang6/src/Todo_App/app/contollers.top(0x45a5310, 0xc0001901c0, 0xc0000d0100)
	/Users/naoyateraoka/OneDrive - tdi/Golang6/src/Todo_App/app/contollers/route_main.go:8 +0xc5
net/http.HandlerFunc.ServeHTTP(0x45479d8, 0x45a5310, 0xc0001901c0, 0xc0000d0100)
	/usr/local/go/src/net/http/server.go:2069 +0x44
net/http.(*ServeMux).ServeHTTP(0x47c1f80, 0x45a5310, 0xc0001901c0, 0xc0000d0100)
	/usr/local/go/src/net/http/server.go:2448 +0x1ad
net/http.serverHandler.ServeHTTP(0xc000190000, 0x45a5310, 0xc0001901c0, 0xc0000d0100)
	/usr/local/go/src/net/http/server.go:2887 +0xa3
net/http.(*conn).serve(0xc0000c9400, 0x45a5b40, 0xc0000d44c0)
	/usr/local/go/src/net/http/server.go:1952 +0x8cd
created by net/http.(*Server).Serve
	/usr/local/go/src/net/http/server.go:3013 +0x39b
2021/04/25 18:52:32 server.go:3139: http: panic serving [::1]:49860: template: public_navbar.html:6: unexpected EOF
goroutine 28 [running]:
net/http.(*conn).serve.func1(0xc0000c94a0)
	/usr/local/go/src/net/http/server.go:1824 +0x153
panic(0x44c0220, 0xc000099340)
	/usr/local/go/src/runtime/panic.go:971 +0x499
html/template.Must(...)
	/usr/local/go/src/html/template/template.go:374
Golang6/src/Todo_App/app/contollers.generateHTML(0x45a5310, 0xc0001902a0, 0x44af4c0, 0x4598290, 0xc00004caa8, 0x3, 0x3)
	/Users/naoyateraoka/OneDrive - tdi/Golang6/src/Todo_App/app/contollers/server.go:16 +0x2ce
Golang6/src/Todo_App/app/contollers.top(0x45a5310, 0xc0001902a0, 0xc0000d0200)
	/Users/naoyateraoka/OneDrive - tdi/Golang6/src/Todo_App/app/contollers/route_main.go:8 +0xc5
net/http.HandlerFunc.ServeHTTP(0x45479d8, 0x45a5310, 0xc0001902a0, 0xc0000d0200)
	/usr/local/go/src/net/http/server.go:2069 +0x44
net/http.(*ServeMux).ServeHTTP(0x47c1f80, 0x45a5310, 0xc0001902a0, 0xc0000d0200)
	/usr/local/go/src/net/http/server.go:2448 +0x1ad
net/http.serverHandler.ServeHTTP(0xc000190000, 0x45a5310, 0xc0001902a0, 0xc0000d0200)
	/usr/local/go/src/net/http/server.go:2887 +0xa3
net/http.(*conn).serve(0xc0000c94a0, 0x45a5b40, 0xc0000d4a40)
	/usr/local/go/src/net/http/server.go:1952 +0x8cd
created by net/http.(*Server).Serve
	/usr/local/go/src/net/http/server.go:3013 +0x39b
2021/04/25 18:52:33 server.go:3139: http: panic serving [::1]:49861: template: public_navbar.html:6: unexpected EOF
goroutine 32 [running]:
net/http.(*conn).serve.func1(0xc0000c9540)
	/usr/local/go/src/net/http/server.go:1824 +0x153
panic(0x44c0220, 0xc000206100)
	/usr/local/go/src/runtime/panic.go:971 +0x499
html/template.Must(...)
	/usr/local/go/src/html/template/template.go:374
Golang6/src/Todo_App/app/contollers.generateHTML(0x45a5310, 0xc00020c0e0, 0x44af4c0, 0x4598290, 0xc000104aa8, 0x3, 0x3)
	/Users/naoyateraoka/OneDrive - tdi/Golang6/src/Todo_App/app/contollers/server.go:16 +0x2ce
Golang6/src/Todo_App/app/contollers.top(0x45a5310, 0xc00020c0e0, 0xc000208000)
	/Users/naoyateraoka/OneDrive - tdi/Golang6/src/Todo_App/app/contollers/route_main.go:8 +0xc5
net/http.HandlerFunc.ServeHTTP(0x45479d8, 0x45a5310, 0xc00020c0e0, 0xc000208000)
	/usr/local/go/src/net/http/server.go:2069 +0x44
net/http.(*ServeMux).ServeHTTP(0x47c1f80, 0x45a5310, 0xc00020c0e0, 0xc000208000)
	/usr/local/go/src/net/http/server.go:2448 +0x1ad
net/http.serverHandler.ServeHTTP(0xc000190000, 0x45a5310, 0xc00020c0e0, 0xc000208000)
	/usr/local/go/src/net/http/server.go:2887 +0xa3
net/http.(*conn).serve(0xc0000c9540, 0x45a5b40, 0xc000204000)
	/usr/local/go/src/net/http/server.go:1952 +0x8cd
created by net/http.(*Server).Serve
	/usr/local/go/src/net/http/server.go:3013 +0x39b
2021/04/25 18:52:33 server.go:3139: http: panic serving [::1]:49862: template: public_navbar.html:6: unexpected EOF
goroutine 33 [running]:
net/http.(*conn).serve.func1(0xc0000c95e0)
	/usr/local/go/src/net/http/server.go:1824 +0x153
panic(0x44c0220, 0xc000012110)
	/usr/local/go/src/runtime/panic.go:971 +0x499
html/template.Must(...)
	/usr/local/go/src/html/template/template.go:374
Golang6/src/Todo_App/app/contollers.generateHTML(0x45a5310, 0xc0000760e0, 0x44af4c0, 0x4598290, 0xc00004caa8, 0x3, 0x3)
	/Users/naoyateraoka/OneDrive - tdi/Golang6/src/Todo_App/app/contollers/server.go:16 +0x2ce
Golang6/src/Todo_App/app/contollers.top(0x45a5310, 0xc0000760e0, 0xc0000d0300)
	/Users/naoyateraoka/OneDrive - tdi/Golang6/src/Todo_App/app/contollers/route_main.go:8 +0xc5
net/http.HandlerFunc.ServeHTTP(0x45479d8, 0x45a5310, 0xc0000760e0, 0xc0000d0300)
	/usr/local/go/src/net/http/server.go:2069 +0x44
net/http.(*ServeMux).ServeHTTP(0x47c1f80, 0x45a5310, 0xc0000760e0, 0xc0000d0300)
	/usr/local/go/src/net/http/server.go:2448 +0x1ad
net/http.serverHandler.ServeHTTP(0xc000190000, 0x45a5310, 0xc0000760e0, 0xc0000d0300)
	/usr/local/go/src/net/http/server.go:2887 +0xa3
net/http.(*conn).serve(0xc0000c95e0, 0x45a5b40, 0xc0000d4d00)
	/usr/local/go/src/net/http/server.go:1952 +0x8cd
created by net/http.(*Server).Serve
	/usr/local/go/src/net/http/server.go:3013 +0x39b
2021/04/25 18:52:33 server.go:3139: http: panic serving [::1]:49863: template: public_navbar.html:6: unexpected EOF
goroutine 50 [running]:
net/http.(*conn).serve.func1(0xc0000c9680)
	/usr/local/go/src/net/http/server.go:1824 +0x153
panic(0x44c0220, 0xc000099470)
	/usr/local/go/src/runtime/panic.go:971 +0x499
html/template.Must(...)
	/usr/local/go/src/html/template/template.go:374
Golang6/src/Todo_App/app/contollers.generateHTML(0x45a5310, 0xc000190460, 0x44af4c0, 0x4598290, 0xc00004daa8, 0x3, 0x3)
	/Users/naoyateraoka/OneDrive - tdi/Golang6/src/Todo_App/app/contollers/server.go:16 +0x2ce
Golang6/src/Todo_App/app/contollers.top(0x45a5310, 0xc000190460, 0xc0000d0400)
	/Users/naoyateraoka/OneDrive - tdi/Golang6/src/Todo_App/app/contollers/route_main.go:8 +0xc5
net/http.HandlerFunc.ServeHTTP(0x45479d8, 0x45a5310, 0xc000190460, 0xc0000d0400)
	/usr/local/go/src/net/http/server.go:2069 +0x44
net/http.(*ServeMux).ServeHTTP(0x47c1f80, 0x45a5310, 0xc000190460, 0xc0000d0400)
	/usr/local/go/src/net/http/server.go:2448 +0x1ad
net/http.serverHandler.ServeHTTP(0xc000190000, 0x45a5310, 0xc000190460, 0xc0000d0400)
	/usr/local/go/src/net/http/server.go:2887 +0xa3
net/http.(*conn).serve(0xc0000c9680, 0x45a5b40, 0xc0000d4d80)
	/usr/local/go/src/net/http/server.go:1952 +0x8cd
created by net/http.(*Server).Serve
	/usr/local/go/src/net/http/server.go:3013 +0x39b
2021/04/25 18:52:34 server.go:3139: http: panic serving [::1]:49864: template: public_navbar.html:6: unexpected EOF
goroutine 37 [running]:
net/http.(*conn).serve.func1(0xc000270000)
	/usr/local/go/src/net/http/server.go:1824 +0x153
panic(0x44c0220, 0xc000206220)
	/usr/local/go/src/runtime/panic.go:971 +0x499
html/template.Must(...)
	/usr/local/go/src/html/template/template.go:374
Golang6/src/Todo_App/app/contollers.generateHTML(0x45a5310, 0xc00020c1c0, 0x44af4c0, 0x4598290, 0xc00004daa8, 0x3, 0x3)
	/Users/naoyateraoka/OneDrive - tdi/Golang6/src/Todo_App/app/contollers/server.go:16 +0x2ce
Golang6/src/Todo_App/app/contollers.top(0x45a5310, 0xc00020c1c0, 0xc0000d0500)
	/Users/naoyateraoka/OneDrive - tdi/Golang6/src/Todo_App/app/contollers/route_main.go:8 +0xc5
net/http.HandlerFunc.ServeHTTP(0x45479d8, 0x45a5310, 0xc00020c1c0, 0xc0000d0500)
	/usr/local/go/src/net/http/server.go:2069 +0x44
net/http.(*ServeMux).ServeHTTP(0x47c1f80, 0x45a5310, 0xc00020c1c0, 0xc0000d0500)
	/usr/local/go/src/net/http/server.go:2448 +0x1ad
net/http.serverHandler.ServeHTTP(0xc000190000, 0x45a5310, 0xc00020c1c0, 0xc0000d0500)
	/usr/local/go/src/net/http/server.go:2887 +0xa3
net/http.(*conn).serve(0xc000270000, 0x45a5b40, 0xc0000d5080)
	/usr/local/go/src/net/http/server.go:1952 +0x8cd
created by net/http.(*Server).Serve
	/usr/local/go/src/net/http/server.go:3013 +0x39b
2021/04/25 18:52:34 server.go:3139: http: panic serving [::1]:49865: template: public_navbar.html:6: unexpected EOF
goroutine 38 [running]:
net/http.(*conn).serve.func1(0xc0002700a0)
	/usr/local/go/src/net/http/server.go:1824 +0x153
panic(0x44c0220, 0xc000206330)
	/usr/local/go/src/runtime/panic.go:971 +0x499
html/template.Must(...)
	/usr/local/go/src/html/template/template.go:374
Golang6/src/Todo_App/app/contollers.generateHTML(0x45a5310, 0xc00020c2a0, 0x44af4c0, 0x4598290, 0xc000104aa8, 0x3, 0x3)
	/Users/naoyateraoka/OneDrive - tdi/Golang6/src/Todo_App/app/contollers/server.go:16 +0x2ce
Golang6/src/Todo_App/app/contollers.top(0x45a5310, 0xc00020c2a0, 0xc000208100)
	/Users/naoyateraoka/OneDrive - tdi/Golang6/src/Todo_App/app/contollers/route_main.go:8 +0xc5
net/http.HandlerFunc.ServeHTTP(0x45479d8, 0x45a5310, 0xc00020c2a0, 0xc000208100)
	/usr/local/go/src/net/http/server.go:2069 +0x44
net/http.(*ServeMux).ServeHTTP(0x47c1f80, 0x45a5310, 0xc00020c2a0, 0xc000208100)
	/usr/local/go/src/net/http/server.go:2448 +0x1ad
net/http.serverHandler.ServeHTTP(0xc000190000, 0x45a5310, 0xc00020c2a0, 0xc000208100)
	/usr/local/go/src/net/http/server.go:2887 +0xa3
net/http.(*conn).serve(0xc0002700a0, 0x45a5b40, 0xc0002042c0)
	/usr/local/go/src/net/http/server.go:1952 +0x8cd
created by net/http.(*Server).Serve
	/usr/local/go/src/net/http/server.go:3013 +0x39b
2021/04/25 18:52:34 server.go:3139: http: panic serving [::1]:49866: template: public_navbar.html:6: unexpected EOF
goroutine 54 [running]:
net/http.(*conn).serve.func1(0xc0000c9720)
	/usr/local/go/src/net/http/server.go:1824 +0x153
panic(0x44c0220, 0xc0000995a0)
	/usr/local/go/src/runtime/panic.go:971 +0x499
html/template.Must(...)
	/usr/local/go/src/html/template/template.go:374
Golang6/src/Todo_App/app/contollers.generateHTML(0x45a5310, 0xc000190540, 0x44af4c0, 0x4598290, 0xc00004eaa8, 0x3, 0x3)
	/Users/naoyateraoka/OneDrive - tdi/Golang6/src/Todo_App/app/contollers/server.go:16 +0x2ce
Golang6/src/Todo_App/app/contollers.top(0x45a5310, 0xc000190540, 0xc0000d0600)
	/Users/naoyateraoka/OneDrive - tdi/Golang6/src/Todo_App/app/contollers/route_main.go:8 +0xc5
net/http.HandlerFunc.ServeHTTP(0x45479d8, 0x45a5310, 0xc000190540, 0xc0000d0600)
	/usr/local/go/src/net/http/server.go:2069 +0x44
net/http.(*ServeMux).ServeHTTP(0x47c1f80, 0x45a5310, 0xc000190540, 0xc0000d0600)
	/usr/local/go/src/net/http/server.go:2448 +0x1ad
net/http.serverHandler.ServeHTTP(0xc000190000, 0x45a5310, 0xc000190540, 0xc0000d0600)
	/usr/local/go/src/net/http/server.go:2887 +0xa3
net/http.(*conn).serve(0xc0000c9720, 0x45a5b40, 0xc0000d5100)
	/usr/local/go/src/net/http/server.go:1952 +0x8cd
created by net/http.(*Server).Serve
	/usr/local/go/src/net/http/server.go:3013 +0x39b
2021/04/25 18:52:39 server.go:3139: http: panic serving [::1]:49867: template: public_navbar.html:6: unexpected EOF
goroutine 58 [running]:
net/http.(*conn).serve.func1(0xc0000c97c0)
	/usr/local/go/src/net/http/server.go:1824 +0x153
panic(0x44c0220, 0xc000012230)
	/usr/local/go/src/runtime/panic.go:971 +0x499
html/template.Must(...)
	/usr/local/go/src/html/template/template.go:374
Golang6/src/Todo_App/app/contollers.generateHTML(0x45a5310, 0xc0000761c0, 0x44af4c0, 0x4598290, 0xc00004caa8, 0x3, 0x3)
	/Users/naoyateraoka/OneDrive - tdi/Golang6/src/Todo_App/app/contollers/server.go:16 +0x2ce
Golang6/src/Todo_App/app/contollers.top(0x45a5310, 0xc0000761c0, 0xc0002aa000)
	/Users/naoyateraoka/OneDrive - tdi/Golang6/src/Todo_App/app/contollers/route_main.go:8 +0xc5
net/http.HandlerFunc.ServeHTTP(0x45479d8, 0x45a5310, 0xc0000761c0, 0xc0002aa000)
	/usr/local/go/src/net/http/server.go:2069 +0x44
net/http.(*ServeMux).ServeHTTP(0x47c1f80, 0x45a5310, 0xc0000761c0, 0xc0002aa000)
	/usr/local/go/src/net/http/server.go:2448 +0x1ad
net/http.serverHandler.ServeHTTP(0xc000190000, 0x45a5310, 0xc0000761c0, 0xc0002aa000)
	/usr/local/go/src/net/http/server.go:2887 +0xa3
net/http.(*conn).serve(0xc0000c97c0, 0x45a5b40, 0xc0000242c0)
	/usr/local/go/src/net/http/server.go:1952 +0x8cd
created by net/http.(*Server).Serve
	/usr/local/go/src/net/http/server.go:3013 +0x39b
2021/04/25 18:52:39 server.go:3139: http: panic serving [::1]:49868: template: public_navbar.html:6: unexpected EOF
goroutine 59 [running]:
net/http.(*conn).serve.func1(0xc0000c9860)
	/usr/local/go/src/net/http/server.go:1824 +0x153
panic(0x44c0220, 0xc000099640)
	/usr/local/go/src/runtime/panic.go:971 +0x499
html/template.Must(...)
	/usr/local/go/src/html/template/template.go:374
Golang6/src/Todo_App/app/contollers.generateHTML(0x45a5310, 0xc0000762a0, 0x44af4c0, 0x4598290, 0xc00004eaa8, 0x3, 0x3)
	/Users/naoyateraoka/OneDrive - tdi/Golang6/src/Todo_App/app/contollers/server.go:16 +0x2ce
Golang6/src/Todo_App/app/contollers.top(0x45a5310, 0xc0000762a0, 0xc0000d0700)
	/Users/naoyateraoka/OneDrive - tdi/Golang6/src/Todo_App/app/contollers/route_main.go:8 +0xc5
net/http.HandlerFunc.ServeHTTP(0x45479d8, 0x45a5310, 0xc0000762a0, 0xc0000d0700)
	/usr/local/go/src/net/http/server.go:2069 +0x44
net/http.(*ServeMux).ServeHTTP(0x47c1f80, 0x45a5310, 0xc0000762a0, 0xc0000d0700)
	/usr/local/go/src/net/http/server.go:2448 +0x1ad
net/http.serverHandler.ServeHTTP(0xc000190000, 0x45a5310, 0xc0000762a0, 0xc0000d0700)
	/usr/local/go/src/net/http/server.go:2887 +0xa3
net/http.(*conn).serve(0xc0000c9860, 0x45a5b40, 0xc0000d53c0)
	/usr/local/go/src/net/http/server.go:1952 +0x8cd
created by net/http.(*Server).Serve
	/usr/local/go/src/net/http/server.go:3013 +0x39b
2021/04/25 18:52:39 server.go:3139: http: panic serving [::1]:49869: template: public_navbar.html:6: unexpected EOF
goroutine 13 [running]:
net/http.(*conn).serve.func1(0xc0002c0000)
	/usr/local/go/src/net/http/server.go:1824 +0x153
panic(0x44c0220, 0xc0000123d0)
	/usr/local/go/src/runtime/panic.go:971 +0x499
html/template.Must(...)
	/usr/local/go/src/html/template/template.go:374
Golang6/src/Todo_App/app/contollers.generateHTML(0x45a5310, 0xc000076380, 0x44af4c0, 0x4598290, 0xc00004eaa8, 0x3, 0x3)
	/Users/naoyateraoka/OneDrive - tdi/Golang6/src/Todo_App/app/contollers/server.go:16 +0x2ce
Golang6/src/Todo_App/app/contollers.top(0x45a5310, 0xc000076380, 0xc0002aa100)
	/Users/naoyateraoka/OneDrive - tdi/Golang6/src/Todo_App/app/contollers/route_main.go:8 +0xc5
net/http.HandlerFunc.ServeHTTP(0x45479d8, 0x45a5310, 0xc000076380, 0xc0002aa100)
	/usr/local/go/src/net/http/server.go:2069 +0x44
net/http.(*ServeMux).ServeHTTP(0x47c1f80, 0x45a5310, 0xc000076380, 0xc0002aa100)
	/usr/local/go/src/net/http/server.go:2448 +0x1ad
net/http.serverHandler.ServeHTTP(0xc000190000, 0x45a5310, 0xc000076380, 0xc0002aa100)
	/usr/local/go/src/net/http/server.go:2887 +0xa3
net/http.(*conn).serve(0xc0002c0000, 0x45a5b40, 0xc0000246c0)
	/usr/local/go/src/net/http/server.go:1952 +0x8cd
created by net/http.(*Server).Serve
	/usr/local/go/src/net/http/server.go:3013 +0x39b
2021/04/25 19:39:43 server.go:3139: http: panic serving [::1]:50024: open Golang6/src/Todo_App/app/views/templates/layout.html: no such file or directory
goroutine 7 [running]:
net/http.(*conn).serve.func1(0xc00011d360)
	/usr/local/go/src/net/http/server.go:1824 +0x153
panic(0x44d28c0, 0xc000094150)
	/usr/local/go/src/runtime/panic.go:971 +0x499
html/template.Must(...)
	/usr/local/go/src/html/template/template.go:374
Golang6/src/Todo_App/app/contollers.generateHTML(0x45a5310, 0xc0000ac0e0, 0x44af4a0, 0x4598290, 0xc000101aa8, 0x3, 0x3)
	/Users/naoyateraoka/OneDrive - tdi/Golang6/src/Todo_App/app/contollers/server.go:16 +0x2ce
Golang6/src/Todo_App/app/contollers.top(0x45a5310, 0xc0000ac0e0, 0xc0000a8000)
	/Users/naoyateraoka/OneDrive - tdi/Golang6/src/Todo_App/app/contollers/route_main.go:8 +0xc5
net/http.HandlerFunc.ServeHTTP(0x45479d0, 0x45a5310, 0xc0000ac0e0, 0xc0000a8000)
	/usr/local/go/src/net/http/server.go:2069 +0x44
net/http.(*ServeMux).ServeHTTP(0x47c1f80, 0x45a5310, 0xc0000ac0e0, 0xc0000a8000)
	/usr/local/go/src/net/http/server.go:2448 +0x1ad
net/http.serverHandler.ServeHTTP(0xc00015a000, 0x45a5310, 0xc0000ac0e0, 0xc0000a8000)
	/usr/local/go/src/net/http/server.go:2887 +0xa3
net/http.(*conn).serve(0xc00011d360, 0x45a5b40, 0xc000096000)
	/usr/local/go/src/net/http/server.go:1952 +0x8cd
created by net/http.(*Server).Serve
	/usr/local/go/src/net/http/server.go:3013 +0x39b
2021/04/25 19:39:43 server.go:3139: http: panic serving [::1]:50025: open Golang6/src/Todo_App/app/views/templates/layout.html: no such file or directory
goroutine 8 [running]:
net/http.(*conn).serve.func1(0xc00011d400)
	/usr/local/go/src/net/http/server.go:1824 +0x153
panic(0x44d28c0, 0xc000094240)
	/usr/local/go/src/runtime/panic.go:971 +0x499
html/template.Must(...)
	/usr/local/go/src/html/template/template.go:374
Golang6/src/Todo_App/app/contollers.generateHTML(0x45a5310, 0xc0000ac2a0, 0x44af4a0, 0x4598290, 0xc000051aa8, 0x3, 0x3)
	/Users/naoyateraoka/OneDrive - tdi/Golang6/src/Todo_App/app/contollers/server.go:16 +0x2ce
Golang6/src/Todo_App/app/contollers.top(0x45a5310, 0xc0000ac2a0, 0xc000122100)
	/Users/naoyateraoka/OneDrive - tdi/Golang6/src/Todo_App/app/contollers/route_main.go:8 +0xc5
net/http.HandlerFunc.ServeHTTP(0x45479d0, 0x45a5310, 0xc0000ac2a0, 0xc000122100)
	/usr/local/go/src/net/http/server.go:2069 +0x44
net/http.(*ServeMux).ServeHTTP(0x47c1f80, 0x45a5310, 0xc0000ac2a0, 0xc000122100)
	/usr/local/go/src/net/http/server.go:2448 +0x1ad
net/http.serverHandler.ServeHTTP(0xc00015a000, 0x45a5310, 0xc0000ac2a0, 0xc000122100)
	/usr/local/go/src/net/http/server.go:2887 +0xa3
net/http.(*conn).serve(0xc00011d400, 0x45a5b40, 0xc000024540)
	/usr/local/go/src/net/http/server.go:1952 +0x8cd
created by net/http.(*Server).Serve
	/usr/local/go/src/net/http/server.go:3013 +0x39b
2021/04/25 19:39:43 server.go:3139: http: panic serving [::1]:50026: open Golang6/src/Todo_App/app/views/templates/layout.html: no such file or directory
goroutine 20 [running]:
net/http.(*conn).serve.func1(0xc000180000)
	/usr/local/go/src/net/http/server.go:1824 +0x153
panic(0x44d28c0, 0xc000094420)
	/usr/local/go/src/runtime/panic.go:971 +0x499
html/template.Must(...)
	/usr/local/go/src/html/template/template.go:374
Golang6/src/Todo_App/app/contollers.generateHTML(0x45a5310, 0xc0000ac460, 0x44af4a0, 0x4598290, 0xc000051aa8, 0x3, 0x3)
	/Users/naoyateraoka/OneDrive - tdi/Golang6/src/Todo_App/app/contollers/server.go:16 +0x2ce
Golang6/src/Todo_App/app/contollers.top(0x45a5310, 0xc0000ac460, 0xc0000a8100)
	/Users/naoyateraoka/OneDrive - tdi/Golang6/src/Todo_App/app/contollers/route_main.go:8 +0xc5
net/http.HandlerFunc.ServeHTTP(0x45479d0, 0x45a5310, 0xc0000ac460, 0xc0000a8100)
	/usr/local/go/src/net/http/server.go:2069 +0x44
net/http.(*ServeMux).ServeHTTP(0x47c1f80, 0x45a5310, 0xc0000ac460, 0xc0000a8100)
	/usr/local/go/src/net/http/server.go:2448 +0x1ad
net/http.serverHandler.ServeHTTP(0xc00015a000, 0x45a5310, 0xc0000ac460, 0xc0000a8100)
	/usr/local/go/src/net/http/server.go:2887 +0xa3
net/http.(*conn).serve(0xc000180000, 0x45a5b40, 0xc000096280)
	/usr/local/go/src/net/http/server.go:1952 +0x8cd
created by net/http.(*Server).Serve
	/usr/local/go/src/net/http/server.go:3013 +0x39b
2021/04/25 19:39:44 server.go:3139: http: panic serving [::1]:50027: open Golang6/src/Todo_App/app/views/templates/layout.html: no such file or directory
goroutine 34 [running]:
net/http.(*conn).serve.func1(0xc000208000)
	/usr/local/go/src/net/http/server.go:1824 +0x153
panic(0x44d28c0, 0xc00007f7a0)
	/usr/local/go/src/runtime/panic.go:971 +0x499
html/template.Must(...)
	/usr/local/go/src/html/template/template.go:374
Golang6/src/Todo_App/app/contollers.generateHTML(0x45a5310, 0xc00015a0e0, 0x44af4a0, 0x4598290, 0xc000051aa8, 0x3, 0x3)
	/Users/naoyateraoka/OneDrive - tdi/Golang6/src/Todo_App/app/contollers/server.go:16 +0x2ce
Golang6/src/Todo_App/app/contollers.top(0x45a5310, 0xc00015a0e0, 0xc0000a8200)
	/Users/naoyateraoka/OneDrive - tdi/Golang6/src/Todo_App/app/contollers/route_main.go:8 +0xc5
net/http.HandlerFunc.ServeHTTP(0x45479d0, 0x45a5310, 0xc00015a0e0, 0xc0000a8200)
	/usr/local/go/src/net/http/server.go:2069 +0x44
net/http.(*ServeMux).ServeHTTP(0x47c1f80, 0x45a5310, 0xc00015a0e0, 0xc0000a8200)
	/usr/local/go/src/net/http/server.go:2448 +0x1ad
net/http.serverHandler.ServeHTTP(0xc00015a000, 0x45a5310, 0xc00015a0e0, 0xc0000a8200)
	/usr/local/go/src/net/http/server.go:2887 +0xa3
net/http.(*conn).serve(0xc000208000, 0x45a5b40, 0xc0000963c0)
	/usr/local/go/src/net/http/server.go:1952 +0x8cd
created by net/http.(*Server).Serve
	/usr/local/go/src/net/http/server.go:3013 +0x39b
2021/04/25 19:39:44 server.go:3139: http: panic serving [::1]:50028: open Golang6/src/Todo_App/app/views/templates/layout.html: no such file or directory
goroutine 35 [running]:
net/http.(*conn).serve.func1(0xc0002080a0)
	/usr/local/go/src/net/http/server.go:1824 +0x153
panic(0x44d28c0, 0xc000094540)
	/usr/local/go/src/runtime/panic.go:971 +0x499
html/template.Must(...)
	/usr/local/go/src/html/template/template.go:374
Golang6/src/Todo_App/app/contollers.generateHTML(0x45a5310, 0xc0000ac540, 0x44af4a0, 0x4598290, 0xc000210aa8, 0x3, 0x3)
	/Users/naoyateraoka/OneDrive - tdi/Golang6/src/Todo_App/app/contollers/server.go:16 +0x2ce
Golang6/src/Todo_App/app/contollers.top(0x45a5310, 0xc0000ac540, 0xc00021a000)
	/Users/naoyateraoka/OneDrive - tdi/Golang6/src/Todo_App/app/contollers/route_main.go:8 +0xc5
net/http.HandlerFunc.ServeHTTP(0x45479d0, 0x45a5310, 0xc0000ac540, 0xc00021a000)
	/usr/local/go/src/net/http/server.go:2069 +0x44
net/http.(*ServeMux).ServeHTTP(0x47c1f80, 0x45a5310, 0xc0000ac540, 0xc00021a000)
	/usr/local/go/src/net/http/server.go:2448 +0x1ad
net/http.serverHandler.ServeHTTP(0xc00015a000, 0x45a5310, 0xc0000ac540, 0xc00021a000)
	/usr/local/go/src/net/http/server.go:2887 +0xa3
net/http.(*conn).serve(0xc0002080a0, 0x45a5b40, 0xc000216000)
	/usr/local/go/src/net/http/server.go:1952 +0x8cd
created by net/http.(*Server).Serve
	/usr/local/go/src/net/http/server.go:3013 +0x39b
2021/04/25 19:39:44 server.go:3139: http: panic serving [::1]:50029: open Golang6/src/Todo_App/app/views/templates/layout.html: no such file or directory
goroutine 36 [running]:
net/http.(*conn).serve.func1(0xc000208140)
	/usr/local/go/src/net/http/server.go:1824 +0x153
panic(0x44d28c0, 0xc0002042a0)
	/usr/local/go/src/runtime/panic.go:971 +0x499
html/template.Must(...)
	/usr/local/go/src/html/template/template.go:374
Golang6/src/Todo_App/app/contollers.generateHTML(0x45a5310, 0xc000236000, 0x44af4a0, 0x4598290, 0xc000211aa8, 0x3, 0x3)
	/Users/naoyateraoka/OneDrive - tdi/Golang6/src/Todo_App/app/contollers/server.go:16 +0x2ce
Golang6/src/Todo_App/app/contollers.top(0x45a5310, 0xc000236000, 0xc00021a100)
	/Users/naoyateraoka/OneDrive - tdi/Golang6/src/Todo_App/app/contollers/route_main.go:8 +0xc5
net/http.HandlerFunc.ServeHTTP(0x45479d0, 0x45a5310, 0xc000236000, 0xc00021a100)
	/usr/local/go/src/net/http/server.go:2069 +0x44
net/http.(*ServeMux).ServeHTTP(0x47c1f80, 0x45a5310, 0xc000236000, 0xc00021a100)
	/usr/local/go/src/net/http/server.go:2448 +0x1ad
net/http.serverHandler.ServeHTTP(0xc00015a000, 0x45a5310, 0xc000236000, 0xc00021a100)
	/usr/local/go/src/net/http/server.go:2887 +0xa3
net/http.(*conn).serve(0xc000208140, 0x45a5b40, 0xc000216080)
	/usr/local/go/src/net/http/server.go:1952 +0x8cd
created by net/http.(*Server).Serve
	/usr/local/go/src/net/http/server.go:3013 +0x39b
2021/04/25 19:39:48 server.go:3139: http: panic serving [::1]:50030: open Golang6/src/Todo_App/app/views/templates/layout.html: no such file or directory
goroutine 10 [running]:
net/http.(*conn).serve.func1(0xc00011d4a0)
	/usr/local/go/src/net/http/server.go:1824 +0x153
panic(0x44d28c0, 0xc0002043c0)
	/usr/local/go/src/runtime/panic.go:971 +0x499
html/template.Must(...)
	/usr/local/go/src/html/template/template.go:374
Golang6/src/Todo_App/app/contollers.generateHTML(0x45a5310, 0xc0002360e0, 0x44af4a0, 0x4598290, 0xc000211aa8, 0x3, 0x3)
	/Users/naoyateraoka/OneDrive - tdi/Golang6/src/Todo_App/app/contollers/server.go:16 +0x2ce
Golang6/src/Todo_App/app/contollers.top(0x45a5310, 0xc0002360e0, 0xc00021a200)
	/Users/naoyateraoka/OneDrive - tdi/Golang6/src/Todo_App/app/contollers/route_main.go:8 +0xc5
net/http.HandlerFunc.ServeHTTP(0x45479d0, 0x45a5310, 0xc0002360e0, 0xc00021a200)
	/usr/local/go/src/net/http/server.go:2069 +0x44
net/http.(*ServeMux).ServeHTTP(0x47c1f80, 0x45a5310, 0xc0002360e0, 0xc00021a200)
	/usr/local/go/src/net/http/server.go:2448 +0x1ad
net/http.serverHandler.ServeHTTP(0xc00015a000, 0x45a5310, 0xc0002360e0, 0xc00021a200)
	/usr/local/go/src/net/http/server.go:2887 +0xa3
net/http.(*conn).serve(0xc00011d4a0, 0x45a5b40, 0xc000216200)
	/usr/local/go/src/net/http/server.go:1952 +0x8cd
created by net/http.(*Server).Serve
	/usr/local/go/src/net/http/server.go:3013 +0x39b
2021/04/25 19:39:48 server.go:3139: http: panic serving [::1]:50031: open Golang6/src/Todo_App/app/views/templates/layout.html: no such file or directory
goroutine 11 [running]:
net/http.(*conn).serve.func1(0xc00011d540)
	/usr/local/go/src/net/http/server.go:1824 +0x153
panic(0x44d28c0, 0xc00007f980)
	/usr/local/go/src/runtime/panic.go:971 +0x499
html/template.Must(...)
	/usr/local/go/src/html/template/template.go:374
Golang6/src/Todo_App/app/contollers.generateHTML(0x45a5310, 0xc00015a1c0, 0x44af4a0, 0x4598290, 0xc000051aa8, 0x3, 0x3)
	/Users/naoyateraoka/OneDrive - tdi/Golang6/src/Todo_App/app/contollers/server.go:16 +0x2ce
Golang6/src/Todo_App/app/contollers.top(0x45a5310, 0xc00015a1c0, 0xc000122200)
	/Users/naoyateraoka/OneDrive - tdi/Golang6/src/Todo_App/app/contollers/route_main.go:8 +0xc5
net/http.HandlerFunc.ServeHTTP(0x45479d0, 0x45a5310, 0xc00015a1c0, 0xc000122200)
	/usr/local/go/src/net/http/server.go:2069 +0x44
net/http.(*ServeMux).ServeHTTP(0x47c1f80, 0x45a5310, 0xc00015a1c0, 0xc000122200)
	/usr/local/go/src/net/http/server.go:2448 +0x1ad
net/http.serverHandler.ServeHTTP(0xc00015a000, 0x45a5310, 0xc00015a1c0, 0xc000122200)
	/usr/local/go/src/net/http/server.go:2887 +0xa3
net/http.(*conn).serve(0xc00011d540, 0x45a5b40, 0xc0000246c0)
	/usr/local/go/src/net/http/server.go:1952 +0x8cd
created by net/http.(*Server).Serve
	/usr/local/go/src/net/http/server.go:3013 +0x39b
2021/04/25 19:39:48 server.go:3139: http: panic serving [::1]:50032: open Golang6/src/Todo_App/app/views/templates/layout.html: no such file or directory
goroutine 13 [running]:
net/http.(*conn).serve.func1(0xc00011d5e0)
	/usr/local/go/src/net/http/server.go:1824 +0x153
panic(0x44d28c0, 0xc00007fb00)
	/usr/local/go/src/runtime/panic.go:971 +0x499
html/template.Must(...)
	/usr/local/go/src/html/template/template.go:374
Golang6/src/Todo_App/app/contollers.generateHTML(0x45a5310, 0xc00015a2a0, 0x44af4a0, 0x4598290, 0xc000051aa8, 0x3, 0x3)
	/Users/naoyateraoka/OneDrive - tdi/Golang6/src/Todo_App/app/contollers/server.go:16 +0x2ce
Golang6/src/Todo_App/app/contollers.top(0x45a5310, 0xc00015a2a0, 0xc000122300)
	/Users/naoyateraoka/OneDrive - tdi/Golang6/src/Todo_App/app/contollers/route_main.go:8 +0xc5
net/http.HandlerFunc.ServeHTTP(0x45479d0, 0x45a5310, 0xc00015a2a0, 0xc000122300)
	/usr/local/go/src/net/http/server.go:2069 +0x44
net/http.(*ServeMux).ServeHTTP(0x47c1f80, 0x45a5310, 0xc00015a2a0, 0xc000122300)
	/usr/local/go/src/net/http/server.go:2448 +0x1ad
net/http.serverHandler.ServeHTTP(0xc00015a000, 0x45a5310, 0xc00015a2a0, 0xc000122300)
	/usr/local/go/src/net/http/server.go:2887 +0xa3
net/http.(*conn).serve(0xc00011d5e0, 0x45a5b40, 0xc000024800)
	/usr/local/go/src/net/http/server.go:1952 +0x8cd
created by net/http.(*Server).Serve
	/usr/local/go/src/net/http/server.go:3013 +0x39b
2021/04/26 01:23:35 users.go:99: table sessions has no column named created_id
2021/04/26 01:24:27 users.go:99: datatype mismatch
2021/04/26 01:26:17 users.go:100: 4 values for 5 columns
2021/04/26 01:29:00 main.go:17: sql: expected 5 destination arguments in Scan, not 4
2021/04/26 01:30:50 main.go:17: sql: Scan error on column index 1, name "uuid": converting driver.Value type string ("5774d448-a5e3-11eb-b7e0-1e008a3a4258") to a int: invalid syntax
2021/04/26 01:32:43 main.go:17: sql: Scan error on column index 1, name "uuid": converting driver.Value type string ("5774d448-a5e3-11eb-b7e0-1e008a3a4258") to a int: invalid syntax
2021/04/26 01:35:00 main.go:17: sql: Scan error on column index 1, name "uuid": converting driver.Value type string ("5774d448-a5e3-11eb-b7e0-1e008a3a4258") to a int: invalid syntax
2021/04/26 01:38:51 main.go:17: sql: Scan error on column index 1, name "uuid": converting driver.Value type string ("5774d448-a5e3-11eb-b7e0-1e008a3a4258") to a int: invalid syntax
2021/04/26 01:45:44 main.go:17: sql: Scan error on column index 1, name "uuid": converting driver.Value type string ("adb7b242-a5e5-11eb-8af3-1e008a3a4258") to a int: invalid syntax
2021/04/26 01:47:51 main.go:17: sql: Scan error on column index 1, name "uuid": converting driver.Value type string ("f917b5ac-a5e5-11eb-96b2-1e008a3a4258") to a int: invalid syntax
2021/04/26 01:50:58 main.go:17: sql: Scan error on column index 1, name "uuid": converting driver.Value type string ("69185370-a5e6-11eb-ac5d-1e008a3a4258") to a int: invalid syntax
2021/04/27 01:23:12 server.go:3139: http: superfluous response.WriteHeader call from Golang6/src/Todo_App/app/contollers.signup (route_auth.go:32)
2021/04/28 01:47:22 route_auth.go:76: http: named cookie not present
2021/04/28 01:51:49 server.go:3139: http: superfluous response.WriteHeader call from Golang6/src/Todo_App/app/contollers.signup (route_auth.go:32)
2021/04/28 01:57:14 server.go:3139: http: superfluous response.WriteHeader call from Golang6/src/Todo_App/app/contollers.signup (route_auth.go:32)
